Analysis & Synthesis report for PiloteBarreFranche
Fri Sep 25 11:56:20 2020
Quartus II Version 9.0 Build 235 06/17/2009 Service Pack 2 SJ Web Edition


---------------------
; Table of Contents ;
---------------------
  1. Legal Notice
  2. Analysis & Synthesis Summary
  3. Analysis & Synthesis Settings
  4. Analysis & Synthesis Source Files Read
  5. Analysis & Synthesis Resource Usage Summary
  6. Analysis & Synthesis Resource Utilization by Entity
  7. Registers Removed During Synthesis
  8. General Register Statistics
  9. Multiplexer Restructuring Statistics (Restructuring Performed)
 10. Parameter Settings for Inferred Entity Instance: gestion_anemo:vitesse_vent|lpm_divide:Div2
 11. Parameter Settings for Inferred Entity Instance: gestion_anemo:vitesse_vent|lpm_divide:Div0
 12. Parameter Settings for Inferred Entity Instance: gestion_anemo:vitesse_vent|lpm_divide:Div1
 13. Parameter Settings for Inferred Entity Instance: gestion_anemo:vitesse_vent|lpm_divide:Mod0
 14. Parameter Settings for Inferred Entity Instance: gestion_anemo:vitesse_vent|lpm_divide:Mod1
 15. Port Connectivity Checks: "gestion_anemo:vitesse_vent"
 16. Analysis & Synthesis Messages



----------------
; Legal Notice ;
----------------
Copyright (C) 1991-2009 Altera Corporation
Your use of Altera Corporation's design tools, logic functions 
and other software and tools, and its AMPP partner logic 
functions, and any output files from any of the foregoing 
(including device programming or simulation files), and any 
associated documentation or information are expressly subject 
to the terms and conditions of the Altera Program License 
Subscription Agreement, Altera MegaCore Function License 
Agreement, or other applicable license agreement, including, 
without limitation, that your use is for the sole purpose of 
programming logic devices manufactured by Altera and sold by 
Altera or its authorized distributors.  Please refer to the 
applicable agreement for further details.



+-----------------------------------------------------------------------------------+
; Analysis & Synthesis Summary                                                      ;
+------------------------------------+----------------------------------------------+
; Analysis & Synthesis Status        ; Successful - Fri Sep 25 11:56:20 2020        ;
; Quartus II Version                 ; 9.0 Build 235 06/17/2009 SP 2 SJ Web Edition ;
; Revision Name                      ; PiloteBarreFranche                           ;
; Top-level Entity Name              ; PiloteBarreFranche                           ;
; Family                             ; Cyclone II                                   ;
; Total logic elements               ; 1,224                                        ;
;     Total combinational functions  ; 1,198                                        ;
;     Dedicated logic registers      ; 124                                          ;
; Total registers                    ; 124                                          ;
; Total pins                         ; 33                                           ;
; Total virtual pins                 ; 0                                            ;
; Total memory bits                  ; 0                                            ;
; Embedded Multiplier 9-bit elements ; 0                                            ;
; Total PLLs                         ; 0                                            ;
+------------------------------------+----------------------------------------------+


+--------------------------------------------------------------------------------------------------------+
; Analysis & Synthesis Settings                                                                          ;
+--------------------------------------------------------------+--------------------+--------------------+
; Option                                                       ; Setting            ; Default Value      ;
+--------------------------------------------------------------+--------------------+--------------------+
; Device                                                       ; EP2C35F672C6       ;                    ;
; Top-level entity name                                        ; PiloteBarreFranche ; PiloteBarreFranche ;
; Family name                                                  ; Cyclone II         ; Stratix II         ;
; Use Generated Physical Constraints File                      ; Off                ;                    ;
; Use smart compilation                                        ; Off                ; Off                ;
; Restructure Multiplexers                                     ; Auto               ; Auto               ;
; Create Debugging Nodes for IP Cores                          ; Off                ; Off                ;
; Preserve fewer node names                                    ; On                 ; On                 ;
; Disable OpenCore Plus hardware evaluation                    ; Off                ; Off                ;
; Verilog Version                                              ; Verilog_2001       ; Verilog_2001       ;
; VHDL Version                                                 ; VHDL93             ; VHDL93             ;
; State Machine Processing                                     ; Auto               ; Auto               ;
; Safe State Machine                                           ; Off                ; Off                ;
; Extract Verilog State Machines                               ; On                 ; On                 ;
; Extract VHDL State Machines                                  ; On                 ; On                 ;
; Ignore Verilog initial constructs                            ; Off                ; Off                ;
; Iteration limit for constant Verilog loops                   ; 5000               ; 5000               ;
; Iteration limit for non-constant Verilog loops               ; 250                ; 250                ;
; Add Pass-Through Logic to Inferred RAMs                      ; On                 ; On                 ;
; Parallel Synthesis                                           ; Off                ; Off                ;
; DSP Block Balancing                                          ; Auto               ; Auto               ;
; NOT Gate Push-Back                                           ; On                 ; On                 ;
; Power-Up Don't Care                                          ; On                 ; On                 ;
; Remove Redundant Logic Cells                                 ; Off                ; Off                ;
; Remove Duplicate Registers                                   ; On                 ; On                 ;
; Ignore CARRY Buffers                                         ; Off                ; Off                ;
; Ignore CASCADE Buffers                                       ; Off                ; Off                ;
; Ignore GLOBAL Buffers                                        ; Off                ; Off                ;
; Ignore ROW GLOBAL Buffers                                    ; Off                ; Off                ;
; Ignore LCELL Buffers                                         ; Off                ; Off                ;
; Ignore SOFT Buffers                                          ; On                 ; On                 ;
; Limit AHDL Integers to 32 Bits                               ; Off                ; Off                ;
; Optimization Technique                                       ; Balanced           ; Balanced           ;
; Carry Chain Length                                           ; 70                 ; 70                 ;
; Auto Carry Chains                                            ; On                 ; On                 ;
; Auto Open-Drain Pins                                         ; On                 ; On                 ;
; Perform WYSIWYG Primitive Resynthesis                        ; Off                ; Off                ;
; Auto ROM Replacement                                         ; On                 ; On                 ;
; Auto RAM Replacement                                         ; On                 ; On                 ;
; Auto Shift Register Replacement                              ; Auto               ; Auto               ;
; Auto Clock Enable Replacement                                ; On                 ; On                 ;
; Strict RAM Replacement                                       ; Off                ; Off                ;
; Allow Synchronous Control Signals                            ; On                 ; On                 ;
; Force Use of Synchronous Clear Signals                       ; Off                ; Off                ;
; Auto RAM to Logic Cell Conversion                            ; Off                ; Off                ;
; Auto Resource Sharing                                        ; Off                ; Off                ;
; Allow Any RAM Size For Recognition                           ; Off                ; Off                ;
; Allow Any ROM Size For Recognition                           ; Off                ; Off                ;
; Allow Any Shift Register Size For Recognition                ; Off                ; Off                ;
; Use LogicLock Constraints during Resource Balancing          ; On                 ; On                 ;
; Ignore translate_off and synthesis_off directives            ; Off                ; Off                ;
; Timing-Driven Synthesis                                      ; Off                ; Off                ;
; Show Parameter Settings Tables in Synthesis Report           ; On                 ; On                 ;
; Ignore Maximum Fan-Out Assignments                           ; Off                ; Off                ;
; Synchronization Register Chain Length                        ; 2                  ; 2                  ;
; PowerPlay Power Optimization                                 ; Normal compilation ; Normal compilation ;
; HDL message level                                            ; Level2             ; Level2             ;
; Suppress Register Optimization Related Messages              ; Off                ; Off                ;
; Number of Removed Registers Reported in Synthesis Report     ; 100                ; 100                ;
; Number of Inverted Registers Reported in Synthesis Report    ; 100                ; 100                ;
; Clock MUX Protection                                         ; On                 ; On                 ;
; Auto Gated Clock Conversion                                  ; Off                ; Off                ;
; Block Design Naming                                          ; Auto               ; Auto               ;
; SDC constraint protection                                    ; Off                ; Off                ;
; Synthesis Effort                                             ; Auto               ; Auto               ;
; Shift Register Replacement - Allow Asynchronous Clear Signal ; On                 ; On                 ;
; Analysis & Synthesis Message Level                           ; Medium             ; Medium             ;
+--------------------------------------------------------------+--------------------+--------------------+


+----------------------------------------------------------------------------------------------------------------------------------------------------------------------------+
; Analysis & Synthesis Source Files Read                                                                                                                                     ;
+----------------------------------+-----------------+------------------------------+----------------------------------------------------------------------------------------+
; File Name with User-Entered Path ; Used in Netlist ; File Type                    ; File Name with Absolute Path                                                           ;
+----------------------------------+-----------------+------------------------------+----------------------------------------------------------------------------------------+
; PiloteBarreFranche.vhd           ; yes             ; User VHDL File               ; C:/Users/Etudiant/Documents/SALAZAR_SANOGO_BINOME7/BEProjet/PiloteBarreFranche.vhd     ;
; gestion_anemo.vhd                ; yes             ; User VHDL File               ; C:/Users/Etudiant/Documents/SALAZAR_SANOGO_BINOME7/BEProjet/gestion_anemo.vhd          ;
; lpm_divide.tdf                   ; yes             ; Megafunction                 ; c:/altera/90sp2/quartus/libraries/megafunctions/lpm_divide.tdf                         ;
; abs_divider.inc                  ; yes             ; Megafunction                 ; c:/altera/90sp2/quartus/libraries/megafunctions/abs_divider.inc                        ;
; sign_div_unsign.inc              ; yes             ; Megafunction                 ; c:/altera/90sp2/quartus/libraries/megafunctions/sign_div_unsign.inc                    ;
; aglobal90.inc                    ; yes             ; Megafunction                 ; c:/altera/90sp2/quartus/libraries/megafunctions/aglobal90.inc                          ;
; db/lpm_divide_5gm.tdf            ; yes             ; Auto-Generated Megafunction  ; C:/Users/Etudiant/Documents/SALAZAR_SANOGO_BINOME7/BEProjet/db/lpm_divide_5gm.tdf      ;
; db/sign_div_unsign_fnh.tdf       ; yes             ; Auto-Generated Megafunction  ; C:/Users/Etudiant/Documents/SALAZAR_SANOGO_BINOME7/BEProjet/db/sign_div_unsign_fnh.tdf ;
; db/alt_u_div_06f.tdf             ; yes             ; Auto-Generated Megafunction  ; C:/Users/Etudiant/Documents/SALAZAR_SANOGO_BINOME7/BEProjet/db/alt_u_div_06f.tdf       ;
; db/add_sub_lkc.tdf               ; yes             ; Auto-Generated Megafunction  ; C:/Users/Etudiant/Documents/SALAZAR_SANOGO_BINOME7/BEProjet/db/add_sub_lkc.tdf         ;
; db/add_sub_mkc.tdf               ; yes             ; Auto-Generated Megafunction  ; C:/Users/Etudiant/Documents/SALAZAR_SANOGO_BINOME7/BEProjet/db/add_sub_mkc.tdf         ;
; db/lpm_divide_4dm.tdf            ; yes             ; Auto-Generated Megafunction  ; C:/Users/Etudiant/Documents/SALAZAR_SANOGO_BINOME7/BEProjet/db/lpm_divide_4dm.tdf      ;
; db/sign_div_unsign_ekh.tdf       ; yes             ; Auto-Generated Megafunction  ; C:/Users/Etudiant/Documents/SALAZAR_SANOGO_BINOME7/BEProjet/db/sign_div_unsign_ekh.tdf ;
; db/alt_u_div_uve.tdf             ; yes             ; Auto-Generated Megafunction  ; C:/Users/Etudiant/Documents/SALAZAR_SANOGO_BINOME7/BEProjet/db/alt_u_div_uve.tdf       ;
; db/lpm_divide_1dm.tdf            ; yes             ; Auto-Generated Megafunction  ; C:/Users/Etudiant/Documents/SALAZAR_SANOGO_BINOME7/BEProjet/db/lpm_divide_1dm.tdf      ;
; db/sign_div_unsign_bkh.tdf       ; yes             ; Auto-Generated Megafunction  ; C:/Users/Etudiant/Documents/SALAZAR_SANOGO_BINOME7/BEProjet/db/sign_div_unsign_bkh.tdf ;
; db/alt_u_div_ove.tdf             ; yes             ; Auto-Generated Megafunction  ; C:/Users/Etudiant/Documents/SALAZAR_SANOGO_BINOME7/BEProjet/db/alt_u_div_ove.tdf       ;
; db/lpm_divide_85m.tdf            ; yes             ; Auto-Generated Megafunction  ; C:/Users/Etudiant/Documents/SALAZAR_SANOGO_BINOME7/BEProjet/db/lpm_divide_85m.tdf      ;
; db/sign_div_unsign_fkh.tdf       ; yes             ; Auto-Generated Megafunction  ; C:/Users/Etudiant/Documents/SALAZAR_SANOGO_BINOME7/BEProjet/db/sign_div_unsign_fkh.tdf ;
; db/alt_u_div_00f.tdf             ; yes             ; Auto-Generated Megafunction  ; C:/Users/Etudiant/Documents/SALAZAR_SANOGO_BINOME7/BEProjet/db/alt_u_div_00f.tdf       ;
+----------------------------------+-----------------+------------------------------+----------------------------------------------------------------------------------------+


+-------------------------------------------------------+
; Analysis & Synthesis Resource Usage Summary           ;
+---------------------------------------------+---------+
; Resource                                    ; Usage   ;
+---------------------------------------------+---------+
; Estimated Total logic elements              ; 1,224   ;
;                                             ;         ;
; Total combinational functions               ; 1198    ;
; Logic element usage by number of LUT inputs ;         ;
;     -- 4 input functions                    ; 408     ;
;     -- 3 input functions                    ; 514     ;
;     -- <=2 input functions                  ; 276     ;
;                                             ;         ;
; Logic elements by mode                      ;         ;
;     -- normal mode                          ; 667     ;
;     -- arithmetic mode                      ; 531     ;
;                                             ;         ;
; Total registers                             ; 124     ;
;     -- Dedicated logic registers            ; 124     ;
;     -- I/O registers                        ; 0       ;
;                                             ;         ;
; I/O pins                                    ; 33      ;
; Maximum fan-out node                        ; clk_50M ;
; Maximum fan-out                             ; 72      ;
; Total fan-out                               ; 3962    ;
; Average fan-out                             ; 2.92    ;
+---------------------------------------------+---------+


+-----------------------------------------------------------------------------------------------------------------------------------------------------------------------------------------------------------------------------------------------------------------------------------------------------------------------+
; Analysis & Synthesis Resource Utilization by Entity                                                                                                                                                                                                                                                                   ;
+-------------------------------------------+-------------------+--------------+-------------+--------------+---------+-----------+------+--------------+------------------------------------------------------------------------------------------------------------------------------------------------+--------------+
; Compilation Hierarchy Node                ; LC Combinationals ; LC Registers ; Memory Bits ; DSP Elements ; DSP 9x9 ; DSP 18x18 ; Pins ; Virtual Pins ; Full Hierarchy Name                                                                                                                            ; Library Name ;
+-------------------------------------------+-------------------+--------------+-------------+--------------+---------+-----------+------+--------------+------------------------------------------------------------------------------------------------------------------------------------------------+--------------+
; |PiloteBarreFranche                       ; 1198 (0)          ; 124 (0)      ; 0           ; 0            ; 0       ; 0         ; 33   ; 0            ; |PiloteBarreFranche                                                                                                                            ; work         ;
;    |gestion_anemo:vitesse_vent|           ; 1198 (284)        ; 124 (124)    ; 0           ; 0            ; 0       ; 0         ; 0    ; 0            ; |PiloteBarreFranche|gestion_anemo:vitesse_vent                                                                                                 ; work         ;
;       |lpm_divide:Div0|                   ; 19 (0)            ; 0 (0)        ; 0           ; 0            ; 0       ; 0         ; 0    ; 0            ; |PiloteBarreFranche|gestion_anemo:vitesse_vent|lpm_divide:Div0                                                                                 ; work         ;
;          |lpm_divide_4dm:auto_generated|  ; 19 (0)            ; 0 (0)        ; 0           ; 0            ; 0       ; 0         ; 0    ; 0            ; |PiloteBarreFranche|gestion_anemo:vitesse_vent|lpm_divide:Div0|lpm_divide_4dm:auto_generated                                                   ; work         ;
;             |sign_div_unsign_ekh:divider| ; 19 (0)            ; 0 (0)        ; 0           ; 0            ; 0       ; 0         ; 0    ; 0            ; |PiloteBarreFranche|gestion_anemo:vitesse_vent|lpm_divide:Div0|lpm_divide_4dm:auto_generated|sign_div_unsign_ekh:divider                       ; work         ;
;                |alt_u_div_uve:divider|    ; 19 (19)           ; 0 (0)        ; 0           ; 0            ; 0       ; 0         ; 0    ; 0            ; |PiloteBarreFranche|gestion_anemo:vitesse_vent|lpm_divide:Div0|lpm_divide_4dm:auto_generated|sign_div_unsign_ekh:divider|alt_u_div_uve:divider ; work         ;
;       |lpm_divide:Div1|                   ; 60 (0)            ; 0 (0)        ; 0           ; 0            ; 0       ; 0         ; 0    ; 0            ; |PiloteBarreFranche|gestion_anemo:vitesse_vent|lpm_divide:Div1                                                                                 ; work         ;
;          |lpm_divide_1dm:auto_generated|  ; 60 (0)            ; 0 (0)        ; 0           ; 0            ; 0       ; 0         ; 0    ; 0            ; |PiloteBarreFranche|gestion_anemo:vitesse_vent|lpm_divide:Div1|lpm_divide_1dm:auto_generated                                                   ; work         ;
;             |sign_div_unsign_bkh:divider| ; 60 (0)            ; 0 (0)        ; 0           ; 0            ; 0       ; 0         ; 0    ; 0            ; |PiloteBarreFranche|gestion_anemo:vitesse_vent|lpm_divide:Div1|lpm_divide_1dm:auto_generated|sign_div_unsign_bkh:divider                       ; work         ;
;                |alt_u_div_ove:divider|    ; 60 (60)           ; 0 (0)        ; 0           ; 0            ; 0       ; 0         ; 0    ; 0            ; |PiloteBarreFranche|gestion_anemo:vitesse_vent|lpm_divide:Div1|lpm_divide_1dm:auto_generated|sign_div_unsign_bkh:divider|alt_u_div_ove:divider ; work         ;
;       |lpm_divide:Div2|                   ; 714 (0)           ; 0 (0)        ; 0           ; 0            ; 0       ; 0         ; 0    ; 0            ; |PiloteBarreFranche|gestion_anemo:vitesse_vent|lpm_divide:Div2                                                                                 ; work         ;
;          |lpm_divide_5gm:auto_generated|  ; 714 (0)           ; 0 (0)        ; 0           ; 0            ; 0       ; 0         ; 0    ; 0            ; |PiloteBarreFranche|gestion_anemo:vitesse_vent|lpm_divide:Div2|lpm_divide_5gm:auto_generated                                                   ; work         ;
;             |sign_div_unsign_fnh:divider| ; 714 (0)           ; 0 (0)        ; 0           ; 0            ; 0       ; 0         ; 0    ; 0            ; |PiloteBarreFranche|gestion_anemo:vitesse_vent|lpm_divide:Div2|lpm_divide_5gm:auto_generated|sign_div_unsign_fnh:divider                       ; work         ;
;                |alt_u_div_06f:divider|    ; 714 (714)         ; 0 (0)        ; 0           ; 0            ; 0       ; 0         ; 0    ; 0            ; |PiloteBarreFranche|gestion_anemo:vitesse_vent|lpm_divide:Div2|lpm_divide_5gm:auto_generated|sign_div_unsign_fnh:divider|alt_u_div_06f:divider ; work         ;
;       |lpm_divide:Mod0|                   ; 36 (0)            ; 0 (0)        ; 0           ; 0            ; 0       ; 0         ; 0    ; 0            ; |PiloteBarreFranche|gestion_anemo:vitesse_vent|lpm_divide:Mod0                                                                                 ; work         ;
;          |lpm_divide_85m:auto_generated|  ; 36 (0)            ; 0 (0)        ; 0           ; 0            ; 0       ; 0         ; 0    ; 0            ; |PiloteBarreFranche|gestion_anemo:vitesse_vent|lpm_divide:Mod0|lpm_divide_85m:auto_generated                                                   ; work         ;
;             |sign_div_unsign_fkh:divider| ; 36 (0)            ; 0 (0)        ; 0           ; 0            ; 0       ; 0         ; 0    ; 0            ; |PiloteBarreFranche|gestion_anemo:vitesse_vent|lpm_divide:Mod0|lpm_divide_85m:auto_generated|sign_div_unsign_fkh:divider                       ; work         ;
;                |alt_u_div_00f:divider|    ; 36 (36)           ; 0 (0)        ; 0           ; 0            ; 0       ; 0         ; 0    ; 0            ; |PiloteBarreFranche|gestion_anemo:vitesse_vent|lpm_divide:Mod0|lpm_divide_85m:auto_generated|sign_div_unsign_fkh:divider|alt_u_div_00f:divider ; work         ;
;       |lpm_divide:Mod1|                   ; 85 (0)            ; 0 (0)        ; 0           ; 0            ; 0       ; 0         ; 0    ; 0            ; |PiloteBarreFranche|gestion_anemo:vitesse_vent|lpm_divide:Mod1                                                                                 ; work         ;
;          |lpm_divide_85m:auto_generated|  ; 85 (0)            ; 0 (0)        ; 0           ; 0            ; 0       ; 0         ; 0    ; 0            ; |PiloteBarreFranche|gestion_anemo:vitesse_vent|lpm_divide:Mod1|lpm_divide_85m:auto_generated                                                   ; work         ;
;             |sign_div_unsign_fkh:divider| ; 85 (0)            ; 0 (0)        ; 0           ; 0            ; 0       ; 0         ; 0    ; 0            ; |PiloteBarreFranche|gestion_anemo:vitesse_vent|lpm_divide:Mod1|lpm_divide_85m:auto_generated|sign_div_unsign_fkh:divider                       ; work         ;
;                |alt_u_div_00f:divider|    ; 85 (85)           ; 0 (0)        ; 0           ; 0            ; 0       ; 0         ; 0    ; 0            ; |PiloteBarreFranche|gestion_anemo:vitesse_vent|lpm_divide:Mod1|lpm_divide_85m:auto_generated|sign_div_unsign_fkh:divider|alt_u_div_00f:divider ; work         ;
+-------------------------------------------+-------------------+--------------+-------------+--------------+---------+-----------+------+--------------+------------------------------------------------------------------------------------------------------------------------------------------------+--------------+
Note: For table entries with two numbers listed, the numbers in parentheses indicate the number of resources of the given type used by the specific entity alone. The numbers listed outside of parentheses indicate the total resources of the given type used by the specific entity and all of its sub-entities in the hierarchy.


+------------------------------------------------------------------------------------+
; Registers Removed During Synthesis                                                 ;
+-------------------------------------------+----------------------------------------+
; Register name                             ; Reason for Removal                     ;
+-------------------------------------------+----------------------------------------+
; gestion_anemo:vitesse_vent|debut_periode  ; Stuck at VCC due to stuck port data_in ;
; gestion_anemo:vitesse_vent|centaine[2..7] ; Stuck at GND due to stuck port data_in ;
; Total Number of Removed Registers = 7     ;                                        ;
+-------------------------------------------+----------------------------------------+


+------------------------------------------------------+
; General Register Statistics                          ;
+----------------------------------------------+-------+
; Statistic                                    ; Value ;
+----------------------------------------------+-------+
; Total registers                              ; 124   ;
; Number of registers using Synchronous Clear  ; 0     ;
; Number of registers using Synchronous Load   ; 0     ;
; Number of registers using Asynchronous Clear ; 0     ;
; Number of registers using Asynchronous Load  ; 0     ;
; Number of registers using Clock Enable       ; 45    ;
; Number of registers using Preset             ; 0     ;
+----------------------------------------------+-------+


+---------------------------------------------------------------------------------------------------------------------------------------------------------------------------------+
; Multiplexer Restructuring Statistics (Restructuring Performed)                                                                                                                  ;
+--------------------+-----------+---------------+----------------------+------------------------+------------+-------------------------------------------------------------------+
; Multiplexer Inputs ; Bus Width ; Baseline Area ; Area if Restructured ; Saving if Restructured ; Registered ; Example Multiplexer Output                                        ;
+--------------------+-----------+---------------+----------------------+------------------------+------------+-------------------------------------------------------------------+
; 3:1                ; 26 bits   ; 52 LEs        ; 0 LEs                ; 52 LEs                 ; Yes        ; |PiloteBarreFranche|gestion_anemo:vitesse_vent|valeur_calcule[19] ;
; 5:1                ; 2 bits    ; 6 LEs         ; 4 LEs                ; 2 LEs                  ; No         ; |PiloteBarreFranche|gestion_anemo:vitesse_vent|AffCentaine[5]     ;
; 5:1                ; 2 bits    ; 6 LEs         ; 4 LEs                ; 2 LEs                  ; No         ; |PiloteBarreFranche|gestion_anemo:vitesse_vent|AffDizane[6]       ;
; 5:1                ; 2 bits    ; 6 LEs         ; 4 LEs                ; 2 LEs                  ; No         ; |PiloteBarreFranche|gestion_anemo:vitesse_vent|AffUnite[5]        ;
; 6:1                ; 3 bits    ; 12 LEs        ; 12 LEs               ; 0 LEs                  ; No         ; |PiloteBarreFranche|gestion_anemo:vitesse_vent|AffCentaine[3]     ;
; 6:1                ; 3 bits    ; 12 LEs        ; 12 LEs               ; 0 LEs                  ; No         ; |PiloteBarreFranche|gestion_anemo:vitesse_vent|AffDizane[3]       ;
; 6:1                ; 3 bits    ; 12 LEs        ; 12 LEs               ; 0 LEs                  ; No         ; |PiloteBarreFranche|gestion_anemo:vitesse_vent|AffUnite[0]        ;
+--------------------+-----------+---------------+----------------------+------------------------+------------+-------------------------------------------------------------------+


+---------------------------------------------------------------------------------------------+
; Parameter Settings for Inferred Entity Instance: gestion_anemo:vitesse_vent|lpm_divide:Div2 ;
+------------------------+----------------+---------------------------------------------------+
; Parameter Name         ; Value          ; Type                                              ;
+------------------------+----------------+---------------------------------------------------+
; LPM_WIDTHN             ; 26             ; Untyped                                           ;
; LPM_WIDTHD             ; 26             ; Untyped                                           ;
; LPM_NREPRESENTATION    ; UNSIGNED       ; Untyped                                           ;
; LPM_DREPRESENTATION    ; UNSIGNED       ; Untyped                                           ;
; LPM_PIPELINE           ; 0              ; Untyped                                           ;
; LPM_REMAINDERPOSITIVE  ; TRUE           ; Untyped                                           ;
; MAXIMIZE_SPEED         ; 5              ; Untyped                                           ;
; CBXI_PARAMETER         ; lpm_divide_5gm ; Untyped                                           ;
; CARRY_CHAIN            ; MANUAL         ; Untyped                                           ;
; OPTIMIZE_FOR_SPEED     ; 5              ; Untyped                                           ;
; AUTO_CARRY_CHAINS      ; ON             ; AUTO_CARRY                                        ;
; IGNORE_CARRY_BUFFERS   ; OFF            ; IGNORE_CARRY                                      ;
; AUTO_CASCADE_CHAINS    ; ON             ; AUTO_CASCADE                                      ;
; IGNORE_CASCADE_BUFFERS ; OFF            ; IGNORE_CASCADE                                    ;
+------------------------+----------------+---------------------------------------------------+
Note: In order to hide this table in the UI and the text report file, please set the "Show Parameter Settings Tables in Synthesis Report" option in "Analysis and Synthesis Settings -> More Settings" to "Off".


+---------------------------------------------------------------------------------------------+
; Parameter Settings for Inferred Entity Instance: gestion_anemo:vitesse_vent|lpm_divide:Div0 ;
+------------------------+----------------+---------------------------------------------------+
; Parameter Name         ; Value          ; Type                                              ;
+------------------------+----------------+---------------------------------------------------+
; LPM_WIDTHN             ; 8              ; Untyped                                           ;
; LPM_WIDTHD             ; 7              ; Untyped                                           ;
; LPM_NREPRESENTATION    ; UNSIGNED       ; Untyped                                           ;
; LPM_DREPRESENTATION    ; UNSIGNED       ; Untyped                                           ;
; LPM_PIPELINE           ; 0              ; Untyped                                           ;
; LPM_REMAINDERPOSITIVE  ; TRUE           ; Untyped                                           ;
; MAXIMIZE_SPEED         ; 5              ; Untyped                                           ;
; CBXI_PARAMETER         ; lpm_divide_4dm ; Untyped                                           ;
; CARRY_CHAIN            ; MANUAL         ; Untyped                                           ;
; OPTIMIZE_FOR_SPEED     ; 5              ; Untyped                                           ;
; AUTO_CARRY_CHAINS      ; ON             ; AUTO_CARRY                                        ;
; IGNORE_CARRY_BUFFERS   ; OFF            ; IGNORE_CARRY                                      ;
; AUTO_CASCADE_CHAINS    ; ON             ; AUTO_CASCADE                                      ;
; IGNORE_CASCADE_BUFFERS ; OFF            ; IGNORE_CASCADE                                    ;
+------------------------+----------------+---------------------------------------------------+
Note: In order to hide this table in the UI and the text report file, please set the "Show Parameter Settings Tables in Synthesis Report" option in "Analysis and Synthesis Settings -> More Settings" to "Off".


+---------------------------------------------------------------------------------------------+
; Parameter Settings for Inferred Entity Instance: gestion_anemo:vitesse_vent|lpm_divide:Div1 ;
+------------------------+----------------+---------------------------------------------------+
; Parameter Name         ; Value          ; Type                                              ;
+------------------------+----------------+---------------------------------------------------+
; LPM_WIDTHN             ; 8              ; Untyped                                           ;
; LPM_WIDTHD             ; 4              ; Untyped                                           ;
; LPM_NREPRESENTATION    ; UNSIGNED       ; Untyped                                           ;
; LPM_DREPRESENTATION    ; UNSIGNED       ; Untyped                                           ;
; LPM_PIPELINE           ; 0              ; Untyped                                           ;
; LPM_REMAINDERPOSITIVE  ; TRUE           ; Untyped                                           ;
; MAXIMIZE_SPEED         ; 5              ; Untyped                                           ;
; CBXI_PARAMETER         ; lpm_divide_1dm ; Untyped                                           ;
; CARRY_CHAIN            ; MANUAL         ; Untyped                                           ;
; OPTIMIZE_FOR_SPEED     ; 5              ; Untyped                                           ;
; AUTO_CARRY_CHAINS      ; ON             ; AUTO_CARRY                                        ;
; IGNORE_CARRY_BUFFERS   ; OFF            ; IGNORE_CARRY                                      ;
; AUTO_CASCADE_CHAINS    ; ON             ; AUTO_CASCADE                                      ;
; IGNORE_CASCADE_BUFFERS ; OFF            ; IGNORE_CASCADE                                    ;
+------------------------+----------------+---------------------------------------------------+
Note: In order to hide this table in the UI and the text report file, please set the "Show Parameter Settings Tables in Synthesis Report" option in "Analysis and Synthesis Settings -> More Settings" to "Off".


+---------------------------------------------------------------------------------------------+
; Parameter Settings for Inferred Entity Instance: gestion_anemo:vitesse_vent|lpm_divide:Mod0 ;
+------------------------+----------------+---------------------------------------------------+
; Parameter Name         ; Value          ; Type                                              ;
+------------------------+----------------+---------------------------------------------------+
; LPM_WIDTHN             ; 8              ; Untyped                                           ;
; LPM_WIDTHD             ; 8              ; Untyped                                           ;
; LPM_NREPRESENTATION    ; UNSIGNED       ; Untyped                                           ;
; LPM_DREPRESENTATION    ; UNSIGNED       ; Untyped                                           ;
; LPM_PIPELINE           ; 0              ; Untyped                                           ;
; LPM_REMAINDERPOSITIVE  ; TRUE           ; Untyped                                           ;
; MAXIMIZE_SPEED         ; 5              ; Untyped                                           ;
; CBXI_PARAMETER         ; lpm_divide_85m ; Untyped                                           ;
; CARRY_CHAIN            ; MANUAL         ; Untyped                                           ;
; OPTIMIZE_FOR_SPEED     ; 5              ; Untyped                                           ;
; AUTO_CARRY_CHAINS      ; ON             ; AUTO_CARRY                                        ;
; IGNORE_CARRY_BUFFERS   ; OFF            ; IGNORE_CARRY                                      ;
; AUTO_CASCADE_CHAINS    ; ON             ; AUTO_CASCADE                                      ;
; IGNORE_CASCADE_BUFFERS ; OFF            ; IGNORE_CASCADE                                    ;
+------------------------+----------------+---------------------------------------------------+
Note: In order to hide this table in the UI and the text report file, please set the "Show Parameter Settings Tables in Synthesis Report" option in "Analysis and Synthesis Settings -> More Settings" to "Off".


+---------------------------------------------------------------------------------------------+
; Parameter Settings for Inferred Entity Instance: gestion_anemo:vitesse_vent|lpm_divide:Mod1 ;
+------------------------+----------------+---------------------------------------------------+
; Parameter Name         ; Value          ; Type                                              ;
+------------------------+----------------+---------------------------------------------------+
; LPM_WIDTHN             ; 8              ; Untyped                                           ;
; LPM_WIDTHD             ; 8              ; Untyped                                           ;
; LPM_NREPRESENTATION    ; UNSIGNED       ; Untyped                                           ;
; LPM_DREPRESENTATION    ; UNSIGNED       ; Untyped                                           ;
; LPM_PIPELINE           ; 0              ; Untyped                                           ;
; LPM_REMAINDERPOSITIVE  ; TRUE           ; Untyped                                           ;
; MAXIMIZE_SPEED         ; 5              ; Untyped                                           ;
; CBXI_PARAMETER         ; lpm_divide_85m ; Untyped                                           ;
; CARRY_CHAIN            ; MANUAL         ; Untyped                                           ;
; OPTIMIZE_FOR_SPEED     ; 5              ; Untyped                                           ;
; AUTO_CARRY_CHAINS      ; ON             ; AUTO_CARRY                                        ;
; IGNORE_CARRY_BUFFERS   ; OFF            ; IGNORE_CARRY                                      ;
; AUTO_CASCADE_CHAINS    ; ON             ; AUTO_CASCADE                                      ;
; IGNORE_CASCADE_BUFFERS ; OFF            ; IGNORE_CASCADE                                    ;
+------------------------+----------------+---------------------------------------------------+
Note: In order to hide this table in the UI and the text report file, please set the "Show Parameter Settings Tables in Synthesis Report" option in "Analysis and Synthesis Settings -> More Settings" to "Off".


+----------------------------------------------------------------------------------------------------------------------+
; Port Connectivity Checks: "gestion_anemo:vitesse_vent"                                                               ;
+------------+--------+----------+-------------------------------------------------------------------------------------+
; Port       ; Type   ; Severity ; Details                                                                             ;
+------------+--------+----------+-------------------------------------------------------------------------------------+
; data_valid ; Output ; Info     ; Connected to dangling logic. Logic that only feeds a dangling port will be removed. ;
+------------+--------+----------+-------------------------------------------------------------------------------------+


+-------------------------------+
; Analysis & Synthesis Messages ;
+-------------------------------+
Info: *******************************************************************
Info: Running Quartus II Analysis & Synthesis
    Info: Version 9.0 Build 235 06/17/2009 Service Pack 2 SJ Web Edition
    Info: Processing started: Fri Sep 25 11:56:16 2020
Info: Command: quartus_map --read_settings_files=on --write_settings_files=off PiloteBarreFranche -c PiloteBarreFranche
Info: Found 2 design units, including 1 entities, in source file PiloteBarreFranche.vhd
    Info: Found design unit 1: PiloteBarreFranche-bhv
    Info: Found entity 1: PiloteBarreFranche
Info: Found 2 design units, including 1 entities, in source file gestion_anemo.vhd
    Info: Found design unit 1: gestion_anemo-behv
    Info: Found entity 1: gestion_anemo
Info: Elaborating entity "PiloteBarreFranche" for the top level hierarchy
Warning (10036): Verilog HDL or VHDL warning at PiloteBarreFranche.vhd(43): object "s_data_valid" assigned a value but never read
Warning (10541): VHDL Signal Declaration warning at PiloteBarreFranche.vhd(43): used implicit default value for signal "s_continu" because signal was never assigned a value or an explicit default value. Use of implicit default value may introduce unintended design optimizations.
Warning (10541): VHDL Signal Declaration warning at PiloteBarreFranche.vhd(43): used implicit default value for signal "s_start_stop" because signal was never assigned a value or an explicit default value. Use of implicit default value may introduce unintended design optimizations.
Info: Elaborating entity "gestion_anemo" for hierarchy "gestion_anemo:vitesse_vent"
Warning (10541): VHDL Signal Declaration warning at gestion_anemo.vhd(17): used implicit default value for signal "data_valid" because signal was never assigned a value or an explicit default value. Use of implicit default value may introduce unintended design optimizations.
Info: Inferred 5 megafunctions from design logic
    Info: Inferred divider/modulo megafunction ("lpm_divide") from the following logic: "gestion_anemo:vitesse_vent|Div2"
    Info: Inferred divider/modulo megafunction ("lpm_divide") from the following logic: "gestion_anemo:vitesse_vent|Div0"
    Info: Inferred divider/modulo megafunction ("lpm_divide") from the following logic: "gestion_anemo:vitesse_vent|Div1"
    Info: Inferred divider/modulo megafunction ("lpm_divide") from the following logic: "gestion_anemo:vitesse_vent|Mod0"
    Info: Inferred divider/modulo megafunction ("lpm_divide") from the following logic: "gestion_anemo:vitesse_vent|Mod1"
Info: Elaborated megafunction instantiation "gestion_anemo:vitesse_vent|lpm_divide:Div2"
Info: Instantiated megafunction "gestion_anemo:vitesse_vent|lpm_divide:Div2" with the following parameter:
    Info: Parameter "LPM_WIDTHN" = "26"
    Info: Parameter "LPM_WIDTHD" = "26"
    Info: Parameter "LPM_NREPRESENTATION" = "UNSIGNED"
    Info: Parameter "LPM_DREPRESENTATION" = "UNSIGNED"
Info: Found 1 design units, including 1 entities, in source file db/lpm_divide_5gm.tdf
    Info: Found entity 1: lpm_divide_5gm
Info: Found 1 design units, including 1 entities, in source file db/sign_div_unsign_fnh.tdf
    Info: Found entity 1: sign_div_unsign_fnh
Info: Found 1 design units, including 1 entities, in source file db/alt_u_div_06f.tdf
    Info: Found entity 1: alt_u_div_06f
Info: Found 1 design units, including 1 entities, in source file db/add_sub_lkc.tdf
    Info: Found entity 1: add_sub_lkc
Info: Found 1 design units, including 1 entities, in source file db/add_sub_mkc.tdf
    Info: Found entity 1: add_sub_mkc
Info: Elaborated megafunction instantiation "gestion_anemo:vitesse_vent|lpm_divide:Div0"
Info: Instantiated megafunction "gestion_anemo:vitesse_vent|lpm_divide:Div0" with the following parameter:
    Info: Parameter "LPM_WIDTHN" = "8"
    Info: Parameter "LPM_WIDTHD" = "7"
    Info: Parameter "LPM_NREPRESENTATION" = "UNSIGNED"
    Info: Parameter "LPM_DREPRESENTATION" = "UNSIGNED"
Info: Found 1 design units, including 1 entities, in source file db/lpm_divide_4dm.tdf
    Info: Found entity 1: lpm_divide_4dm
Info: Found 1 design units, including 1 entities, in source file db/sign_div_unsign_ekh.tdf
    Info: Found entity 1: sign_div_unsign_ekh
Info: Found 1 design units, including 1 entities, in source file db/alt_u_div_uve.tdf
    Info: Found entity 1: alt_u_div_uve
Info: Elaborated megafunction instantiation "gestion_anemo:vitesse_vent|lpm_divide:Div1"
Info: Instantiated megafunction "gestion_anemo:vitesse_vent|lpm_divide:Div1" with the following parameter:
    Info: Parameter "LPM_WIDTHN" = "8"
    Info: Parameter "LPM_WIDTHD" = "4"
    Info: Parameter "LPM_NREPRESENTATION" = "UNSIGNED"
    Info: Parameter "LPM_DREPRESENTATION" = "UNSIGNED"
Info: Found 1 design units, including 1 entities, in source file db/lpm_divide_1dm.tdf
    Info: Found entity 1: lpm_divide_1dm
Info: Found 1 design units, including 1 entities, in source file db/sign_div_unsign_bkh.tdf
    Info: Found entity 1: sign_div_unsign_bkh
Info: Found 1 design units, including 1 entities, in source file db/alt_u_div_ove.tdf
    Info: Found entity 1: alt_u_div_ove
Info: Elaborated megafunction instantiation "gestion_anemo:vitesse_vent|lpm_divide:Mod0"
Info: Instantiated megafunction "gestion_anemo:vitesse_vent|lpm_divide:Mod0" with the following parameter:
    Info: Parameter "LPM_WIDTHN" = "8"
    Info: Parameter "LPM_WIDTHD" = "8"
    Info: Parameter "LPM_NREPRESENTATION" = "UNSIGNED"
    Info: Parameter "LPM_DREPRESENTATION" = "UNSIGNED"
Info: Found 1 design units, including 1 entities, in source file db/lpm_divide_85m.tdf
    Info: Found entity 1: lpm_divide_85m
Info: Found 1 design units, including 1 entities, in source file db/sign_div_unsign_fkh.tdf
    Info: Found entity 1: sign_div_unsign_fkh
Info: Found 1 design units, including 1 entities, in source file db/alt_u_div_00f.tdf
    Info: Found entity 1: alt_u_div_00f
Warning: Output pins are stuck at VCC or GND
    Warning (13410): Pin "AffCentaine[1]" is stuck at GND
Info: Found the following redundant logic cells in design
    Info (17048): Logic cell "gestion_anemo:vitesse_vent|lpm_divide:Mod0|lpm_divide_85m:auto_generated|sign_div_unsign_fkh:divider|alt_u_div_00f:divider|add_sub_6_result_int[0]~14"
    Info (17048): Logic cell "gestion_anemo:vitesse_vent|lpm_divide:Mod0|lpm_divide_85m:auto_generated|sign_div_unsign_fkh:divider|alt_u_div_00f:divider|add_sub_7_result_int[0]~16"
Warning: Design contains 1 input pin(s) that do not drive logic
    Warning (15610): No output dependent on input pin "raz_n"
Info: Implemented 1257 device resources after synthesis - the final resource count might be different
    Info: Implemented 3 input pins
    Info: Implemented 30 output pins
    Info: Implemented 1224 logic cells
Info: Quartus II Analysis & Synthesis was successful. 0 errors, 8 warnings
    Info: Peak virtual memory: 245 megabytes
    Info: Processing ended: Fri Sep 25 11:56:20 2020
    Info: Elapsed time: 00:00:04
    Info: Total CPU time (on all processors): 00:00:04


